2025-09-23 23:32:12,433 INFO Included extra file "/data/dev_area/jamong/engn/cfg/conf.d/print_time.conf" during parsing
2025-09-23 23:32:12,433 INFO Set uid to user 1001 succeeded
2025-09-23 23:32:12,433 INFO Increased RLIMIT_NOFILE limit to 4096
2025-09-23 23:32:12,439 INFO RPC interface 'supervisor' initialized
2025-09-23 23:32:12,439 INFO RPC interface 'supervisor' initialized
2025-09-23 23:32:12,439 CRIT Server 'unix_http_server' running without any HTTP authentication checking
2025-09-23 23:32:12,440 INFO daemonizing the supervisord process
2025-09-23 23:32:12,440 INFO set current directory: '/data/dev_area/jamong/engn'
2025-09-23 23:32:12,441 INFO supervisord started with pid 1164542
2025-09-23 23:32:13,444 INFO spawned: 'print_time' with pid 1164566
2025-09-23 23:32:14,459 INFO success: print_time entered RUNNING state, process has stayed up for > than 1 seconds (startsecs)
2025-09-23 23:32:19,820 INFO waiting for print_time to stop
2025-09-23 23:32:19,820 WARN stopped: print_time (terminated by SIGTERM)
2025-09-23 23:33:06,408 INFO Included extra file "/data/dev_area/jamong/engn/cfg/conf.d/print_time.conf" during parsing
2025-09-23 23:33:06,408 INFO Set uid to user 1001 succeeded
2025-09-23 23:33:06,408 INFO Increased RLIMIT_NOFILE limit to 4096
2025-09-23 23:33:06,414 INFO RPC interface 'supervisor' initialized
2025-09-23 23:33:06,414 INFO RPC interface 'supervisor' initialized
2025-09-23 23:33:06,414 CRIT Server 'unix_http_server' running without any HTTP authentication checking
2025-09-23 23:33:06,415 INFO daemonizing the supervisord process
2025-09-23 23:33:06,415 INFO set current directory: '/data/dev_area/jamong/engn'
2025-09-23 23:33:06,415 INFO supervisord started with pid 1165500
2025-09-23 23:33:07,418 INFO spawned: 'print_time' with pid 1165519
2025-09-23 23:33:07,674 INFO waiting for print_time to stop
2025-09-23 23:33:07,675 WARN stopped: print_time (terminated by SIGTERM)
2025-09-23 23:33:10,828 WARN received SIGTERM indicating exit request
2025-09-23 23:36:54,865 INFO Included extra file "/data/dev_area/jamong/engn/cfg/conf.d/print_time.conf" during parsing
2025-09-23 23:36:54,865 INFO Set uid to user 1001 succeeded
2025-09-23 23:36:54,865 INFO Increased RLIMIT_NOFILE limit to 4096
2025-09-23 23:36:54,870 INFO RPC interface 'supervisor' initialized
2025-09-23 23:36:54,871 INFO RPC interface 'supervisor' initialized
2025-09-23 23:36:54,871 CRIT Server 'unix_http_server' running without any HTTP authentication checking
2025-09-23 23:36:54,872 INFO daemonizing the supervisord process
2025-09-23 23:36:54,872 INFO set current directory: '/data/dev_area/jamong/engn'
2025-09-23 23:36:54,872 INFO supervisord started with pid 1169034
2025-09-23 23:36:55,875 INFO spawned: 'print_time' with pid 1169053
2025-09-23 23:36:56,138 INFO waiting for print_time to stop
2025-09-23 23:36:56,138 WARN stopped: print_time (terminated by SIGTERM)
2025-09-23 23:36:59,289 WARN received SIGTERM indicating exit request
2025-09-23 23:37:10,349 INFO Included extra file "/data/dev_area/jamong/engn/cfg/conf.d/print_time.conf" during parsing
2025-09-23 23:37:10,349 INFO Set uid to user 1001 succeeded
2025-09-23 23:37:10,349 INFO Increased RLIMIT_NOFILE limit to 4096
2025-09-23 23:37:10,353 INFO RPC interface 'supervisor' initialized
2025-09-23 23:37:10,353 INFO RPC interface 'supervisor' initialized
2025-09-23 23:37:10,353 CRIT Server 'unix_http_server' running without any HTTP authentication checking
2025-09-23 23:37:10,354 INFO daemonizing the supervisord process
2025-09-23 23:37:10,355 INFO set current directory: '/data/dev_area/jamong/engn'
2025-09-23 23:37:10,355 INFO supervisord started with pid 1169346
2025-09-23 23:37:11,358 INFO spawned: 'print_time' with pid 1169365
2025-09-23 23:37:12,356 INFO waiting for print_time to stop
2025-09-23 23:37:12,356 WARN stopped: print_time (terminated by SIGTERM)
