2025-09-23 23:32:12,433 INFO Included extra file "/data/dev_area/jamong/engn/cfg/conf.d/print_time.conf" during parsing
2025-09-23 23:32:12,433 INFO Set uid to user 1001 succeeded
2025-09-23 23:32:12,433 INFO Increased RLIMIT_NOFILE limit to 4096
2025-09-23 23:32:12,439 INFO RPC interface 'supervisor' initialized
2025-09-23 23:32:12,439 INFO RPC interface 'supervisor' initialized
2025-09-23 23:32:12,439 CRIT Server 'unix_http_server' running without any HTTP authentication checking
2025-09-23 23:32:12,440 INFO daemonizing the supervisord process
2025-09-23 23:32:12,440 INFO set current directory: '/data/dev_area/jamong/engn'
2025-09-23 23:32:12,441 INFO supervisord started with pid 1164542
2025-09-23 23:32:13,444 INFO spawned: 'print_time' with pid 1164566
2025-09-23 23:32:14,459 INFO success: print_time entered RUNNING state, process has stayed up for > than 1 seconds (startsecs)
2025-09-23 23:32:19,820 INFO waiting for print_time to stop
2025-09-23 23:32:19,820 WARN stopped: print_time (terminated by SIGTERM)
2025-09-23 23:33:06,408 INFO Included extra file "/data/dev_area/jamong/engn/cfg/conf.d/print_time.conf" during parsing
2025-09-23 23:33:06,408 INFO Set uid to user 1001 succeeded
2025-09-23 23:33:06,408 INFO Increased RLIMIT_NOFILE limit to 4096
2025-09-23 23:33:06,414 INFO RPC interface 'supervisor' initialized
2025-09-23 23:33:06,414 INFO RPC interface 'supervisor' initialized
2025-09-23 23:33:06,414 CRIT Server 'unix_http_server' running without any HTTP authentication checking
2025-09-23 23:33:06,415 INFO daemonizing the supervisord process
2025-09-23 23:33:06,415 INFO set current directory: '/data/dev_area/jamong/engn'
2025-09-23 23:33:06,415 INFO supervisord started with pid 1165500
2025-09-23 23:33:07,418 INFO spawned: 'print_time' with pid 1165519
2025-09-23 23:33:07,674 INFO waiting for print_time to stop
2025-09-23 23:33:07,675 WARN stopped: print_time (terminated by SIGTERM)
2025-09-23 23:33:10,828 WARN received SIGTERM indicating exit request
2025-09-23 23:36:54,865 INFO Included extra file "/data/dev_area/jamong/engn/cfg/conf.d/print_time.conf" during parsing
2025-09-23 23:36:54,865 INFO Set uid to user 1001 succeeded
2025-09-23 23:36:54,865 INFO Increased RLIMIT_NOFILE limit to 4096
2025-09-23 23:36:54,870 INFO RPC interface 'supervisor' initialized
2025-09-23 23:36:54,871 INFO RPC interface 'supervisor' initialized
2025-09-23 23:36:54,871 CRIT Server 'unix_http_server' running without any HTTP authentication checking
2025-09-23 23:36:54,872 INFO daemonizing the supervisord process
2025-09-23 23:36:54,872 INFO set current directory: '/data/dev_area/jamong/engn'
2025-09-23 23:36:54,872 INFO supervisord started with pid 1169034
2025-09-23 23:36:55,875 INFO spawned: 'print_time' with pid 1169053
2025-09-23 23:36:56,138 INFO waiting for print_time to stop
2025-09-23 23:36:56,138 WARN stopped: print_time (terminated by SIGTERM)
2025-09-23 23:36:59,289 WARN received SIGTERM indicating exit request
2025-09-23 23:37:10,349 INFO Included extra file "/data/dev_area/jamong/engn/cfg/conf.d/print_time.conf" during parsing
2025-09-23 23:37:10,349 INFO Set uid to user 1001 succeeded
2025-09-23 23:37:10,349 INFO Increased RLIMIT_NOFILE limit to 4096
2025-09-23 23:37:10,353 INFO RPC interface 'supervisor' initialized
2025-09-23 23:37:10,353 INFO RPC interface 'supervisor' initialized
2025-09-23 23:37:10,353 CRIT Server 'unix_http_server' running without any HTTP authentication checking
2025-09-23 23:37:10,354 INFO daemonizing the supervisord process
2025-09-23 23:37:10,355 INFO set current directory: '/data/dev_area/jamong/engn'
2025-09-23 23:37:10,355 INFO supervisord started with pid 1169346
2025-09-23 23:37:11,358 INFO spawned: 'print_time' with pid 1169365
2025-09-23 23:37:12,356 INFO waiting for print_time to stop
2025-09-23 23:37:12,356 WARN stopped: print_time (terminated by SIGTERM)
2025-09-23 23:51:29,880 INFO Included extra file "/data/dev_area/jamong/engn/cfg/conf.d/print_time.conf" during parsing
2025-09-23 23:51:29,880 INFO Set uid to user 1001 succeeded
2025-09-23 23:51:29,880 INFO Increased RLIMIT_NOFILE limit to 4096
2025-09-23 23:51:29,886 INFO RPC interface 'supervisor' initialized
2025-09-23 23:51:29,887 INFO RPC interface 'supervisor' initialized
2025-09-23 23:51:29,887 CRIT Server 'unix_http_server' running without any HTTP authentication checking
2025-09-23 23:51:29,888 INFO daemonizing the supervisord process
2025-09-23 23:51:29,888 INFO set current directory: '/data/dev_area/jamong/engn'
2025-09-23 23:51:29,889 INFO supervisord started with pid 1182786
2025-09-23 23:51:30,892 INFO spawned: 'print_time' with pid 1182805
2025-09-23 23:51:31,254 INFO waiting for print_time to stop
2025-09-23 23:51:31,254 WARN stopped: print_time (terminated by SIGTERM)
2025-09-23 23:58:04,310 INFO Included extra file "/data/dev_area/jamong/engn/cfg/conf.d/print_time.conf" during parsing
2025-09-23 23:58:04,310 INFO Set uid to user 1001 succeeded
2025-09-23 23:58:04,310 INFO Increased RLIMIT_NOFILE limit to 4096
2025-09-23 23:58:04,315 INFO RPC interface 'supervisor' initialized
2025-09-23 23:58:04,315 INFO RPC interface 'supervisor' initialized
2025-09-23 23:58:04,315 CRIT Server 'unix_http_server' running without any HTTP authentication checking
2025-09-23 23:58:04,316 INFO daemonizing the supervisord process
2025-09-23 23:58:04,316 INFO set current directory: '/data/dev_area/jamong/engn'
2025-09-23 23:58:04,317 INFO supervisord started with pid 1189858
2025-09-23 23:58:05,320 INFO spawned: 'print_time' with pid 1189877
2025-09-23 23:58:06,858 INFO success: print_time entered RUNNING state, process has stayed up for > than 1 seconds (startsecs)
2025-09-23 23:58:08,573 INFO waiting for print_time to stop
2025-09-23 23:58:08,574 WARN stopped: print_time (terminated by SIGTERM)
2025-09-24 00:04:11,404 INFO Included extra file "/data/dev_area/jamong/engn/cfg/conf.d/print_time.conf" during parsing
2025-09-24 00:04:11,404 INFO Set uid to user 1001 succeeded
2025-09-24 00:04:11,404 INFO Increased RLIMIT_NOFILE limit to 4096
2025-09-24 00:04:11,410 INFO RPC interface 'supervisor' initialized
2025-09-24 00:04:11,410 INFO RPC interface 'supervisor' initialized
2025-09-24 00:04:11,410 CRIT Server 'unix_http_server' running without any HTTP authentication checking
2025-09-24 00:04:11,411 INFO daemonizing the supervisord process
2025-09-24 00:04:11,411 INFO set current directory: '/data/dev_area/jamong/engn'
2025-09-24 00:04:11,411 INFO supervisord started with pid 1195733
2025-09-24 00:04:12,414 INFO spawned: 'print_time' with pid 1195752
2025-09-24 00:04:13,429 INFO success: print_time entered RUNNING state, process has stayed up for > than 1 seconds (startsecs)
2025-09-24 00:04:14,220 INFO waiting for print_time to stop
2025-09-24 00:04:14,221 WARN stopped: print_time (terminated by SIGTERM)
2025-09-24 00:08:43,183 INFO Included extra file "/data/dev_area/jamong/engn/cfg/conf.d/print_time.conf" during parsing
2025-09-24 00:08:43,183 INFO Set uid to user 1001 succeeded
2025-09-24 00:08:43,183 INFO Increased RLIMIT_NOFILE limit to 4096
2025-09-24 00:08:43,187 INFO RPC interface 'supervisor' initialized
2025-09-24 00:08:43,188 INFO RPC interface 'supervisor' initialized
2025-09-24 00:08:43,188 CRIT Server 'unix_http_server' running without any HTTP authentication checking
2025-09-24 00:08:43,189 INFO daemonizing the supervisord process
2025-09-24 00:08:43,189 INFO set current directory: '/data/dev_area/jamong/engn'
2025-09-24 00:08:43,189 INFO supervisord started with pid 1200147
2025-09-24 00:08:44,192 INFO spawned: 'print_time' with pid 1200166
2025-09-24 00:08:44,814 INFO waiting for print_time to stop
2025-09-24 00:08:44,814 WARN stopped: print_time (terminated by SIGTERM)
2025-09-24 21:06:34,748 INFO Included extra file "/data/dev_area/jamong/engn/cfg/conf.d/print_time.conf" during parsing
2025-09-24 21:06:34,748 INFO Set uid to user 1001 succeeded
2025-09-24 21:06:34,748 INFO Increased RLIMIT_NOFILE limit to 4096
2025-09-24 21:06:34,753 INFO RPC interface 'supervisor' initialized
2025-09-24 21:06:34,753 INFO RPC interface 'supervisor' initialized
2025-09-24 21:06:34,753 CRIT Server 'unix_http_server' running without any HTTP authentication checking
2025-09-24 21:06:34,754 INFO daemonizing the supervisord process
2025-09-24 21:06:34,754 INFO set current directory: '/data/dev_area/jamong/engn'
2025-09-24 21:06:34,755 INFO supervisord started with pid 2380075
2025-09-24 21:06:35,757 INFO spawned: 'print_time' with pid 2380095
2025-09-24 21:06:36,832 INFO success: print_time entered RUNNING state, process has stayed up for > than 1 seconds (startsecs)
2025-09-24 21:06:43,792 INFO waiting for print_time to stop
2025-09-24 21:06:43,793 WARN stopped: print_time (terminated by SIGTERM)
